<?xml version="1.0" encoding="UTF-8"?>
<!-- Generated by org.testng.reporters.JUnitReportReporter -->
<testsuite skipped="0" hostname="M2408454" name="trial.Hello" tests="1" failures="0" timestamp="04 Jan 2018 10:18:33 GMT" time="27.690" errors="0">
  <testcase name="hello" time="27.690" classname="trial.Hello"/>
</testsuite> <!-- trial.Hello -->
