<?xml version="1.0" encoding="UTF-8"?>
<!-- Generated by org.testng.reporters.JUnitReportReporter -->
<testsuite skipped="0" hostname="M2408454" name="extentReport.Trial" tests="2" failures="0" timestamp="30 Jan 2018 06:50:20 GMT" time="267.645" errors="0">
  <testcase name="main1" time="181.336" classname="extentReport.Trial"/>
  <testcase name="main2" time="86.309" classname="extentReport.Trial"/>
</testsuite> <!-- extentReport.Trial -->
