<?xml version="1.0" encoding="UTF-8"?>
<!-- Generated by org.testng.reporters.JUnitReportReporter -->
<testsuite skipped="0" hostname="M2408454" name="cucumber.CucumberRunner2" tests="1" failures="0" timestamp="15 Dec 2017 11:26:31 GMT" time="45.824" errors="0">
  <testcase name="feature" time="45.824" classname="cucumber.CucumberRunner2"/>
</testsuite> <!-- cucumber.CucumberRunner2 -->
