<?xml version="1.0" encoding="UTF-8"?>
<!-- Generated by org.testng.reporters.JUnitReportReporter -->
<testsuite skipped="0" hostname="M2408454" name="cucumber.CucumberRunner" tests="1" failures="0" timestamp="15 Dec 2017 10:12:05 GMT" time="92.929" errors="0">
  <testcase name="feature" time="92.929" classname="cucumber.CucumberRunner"/>
</testsuite> <!-- cucumber.CucumberRunner -->
