<?xml version="1.0" encoding="UTF-8"?>
<!-- Generated by org.testng.reporters.JUnitReportReporter -->
<testsuite skipped="0" hostname="M2408454" name="cucumber.CucumberRunner1" tests="1" failures="0" timestamp="28 Dec 2017 06:10:17 GMT" time="46.095" errors="0">
  <testcase name="feature" time="46.095" classname="cucumber.CucumberRunner1"/>
</testsuite> <!-- cucumber.CucumberRunner1 -->
