<?xml version="1.0" encoding="UTF-8"?>
<!-- Generated by org.testng.reporters.JUnitReportReporter -->
<testsuite skipped="0" hostname="M2408454" name="cucumber.CucumberRunnerOld" tests="1" failures="0" timestamp="15 Dec 2017 11:26:31 GMT" time="46.086" errors="0">
  <testcase name="feature" time="46.086" classname="cucumber.CucumberRunnerOld"/>
</testsuite> <!-- cucumber.CucumberRunnerOld -->
